Watching for file changes with StatReloader
[21/Jul/2020 02:10:36] "GET / HTTP/1.1" 200 564091
Not Found: /favicon.ico
[21/Jul/2020 02:10:39] "GET /favicon.ico HTTP/1.1" 404 4087
[21/Jul/2020 02:11:12] "GET /provinces/ HTTP/1.1" 200 2129829
[21/Jul/2020 02:11:22] "GET /province/BC/ HTTP/1.1" 200 634957
/home/peter/covid-19-canada-vis/web/chart/views.py changed, reloading.
Performing system checks...

System check identified no issues (0 silenced).
July 21, 2020 - 02:10:19
Django version 3.0.8, using settings 'vis_project.settings'
Starting development server at http://0.0.0.0:8000/
Quit the server with CONTROL-C.
Watching for file changes with StatReloader
/home/peter/covid-19-canada-vis/web/chart/urls.py changed, reloading.
Performing system checks...

System check identified no issues (0 silenced).
July 21, 2020 - 02:28:33
Django version 3.0.8, using settings 'vis_project.settings'
Starting development server at http://0.0.0.0:8000/
Quit the server with CONTROL-C.
Watching for file changes with StatReloader
[21/Jul/2020 02:29:08] "GET /provinces/ HTTP/1.1" 200 2132717
[21/Jul/2020 02:29:16] "GET /province_cases/Alberta/ HTTP/1.1" 200 106699
[21/Jul/2020 02:29:38] "GET /province_cases/BC/ HTTP/1.1" 200 107559
[21/Jul/2020 02:30:00] "GET /province_cases/Alberta/ HTTP/1.1" 200 106699
[21/Jul/2020 02:30:06] "GET / HTTP/1.1" 200 564091
[21/Jul/2020 02:30:10] "GET /provinces_mortality/ HTTP/1.1" 200 777833
[21/Jul/2020 02:31:30] "GET /provinces/ HTTP/1.1" 200 2132717
[21/Jul/2020 02:33:17] "GET /provinces/ HTTP/1.1" 200 2132717
[21/Jul/2020 02:33:27] "GET /provinces/ HTTP/1.1" 200 2132717
Performing system checks...

System check identified no issues (0 silenced).
July 21, 2020 - 02:28:58
Django version 3.0.8, using settings 'vis_project.settings'
Starting development server at http://0.0.0.0:8000/
Quit the server with CONTROL-C.
Watching for file changes with StatReloader
/home/peter/covid-19-canada-vis/web/chart/views.py changed, reloading.
Performing system checks...

System check identified no issues (0 silenced).
July 21, 2020 - 04:54:04
Django version 3.0.8, using settings 'vis_project.settings'
Starting development server at http://0.0.0.0:8000/
Quit the server with CONTROL-C.
Watching for file changes with StatReloader
/home/peter/covid-19-canada-vis/web/chart/views.py changed, reloading.
Performing system checks...

System check identified no issues (0 silenced).
July 21, 2020 - 04:58:57
Django version 3.0.8, using settings 'vis_project.settings'
Starting development server at http://0.0.0.0:8000/
Quit the server with CONTROL-C.
Watching for file changes with StatReloader
[21/Jul/2020 05:03:11] "GET / HTTP/1.1" 200 564091
Not Found: /favicon.ico
[21/Jul/2020 05:03:13] "GET /favicon.ico HTTP/1.1" 404 4293
[21/Jul/2020 05:03:18] "GET /provinces/ HTTP/1.1" 200 2101139
[21/Jul/2020 05:04:01] "GET /province/BC/ HTTP/1.1" 200 634957
[21/Jul/2020 05:04:09] "GET /province/BC/ HTTP/1.1" 200 634957
[21/Jul/2020 05:04:28] "GET /province/BC/ HTTP/1.1" 200 634957
